<?xml version="1.0" encoding="UTF-8"?>
<!-- Generated by org.testng.reporters.JUnitXMLReporter -->
<testsuite hostname="narayanlt-01" name="Test" tests="3" failures="1" timestamp="26 Apr 2016 15:24:48 GMT" time="5.983" errors="0">
  <testcase name="testRestApi" time="4.558" classname="org.quinnox.verifyRest.VerifyRestTest"/>
  <testcase name="validatePostRequest" time="0.439" classname="org.quinnox.validateData.ValidateDataTest"/>
  <testcase name="validateInavlidPostRequest" time="0.914" classname="org.quinnox.validateInvalidPostData.ValidateInvalidPostData">
    <failure type="java.lang.AssertionError" message="You are trying to post invalid data!! expected [200] but found [202]">
      <![CDATA[java.lang.AssertionError: You are trying to post invalid data!! expected [200] but found [202]
	at org.quinnox.validateInvalidPostData.ValidateInvalidPostData.validateInavlidPostRequest(ValidateInvalidPostData.java:45)
... Removed 27 stack frames]]>
    </failure>
  </testcase> <!-- validateInavlidPostRequest -->
</testsuite> <!-- Test -->
